#
# There is insufficient memory for the Java Runtime Environment to continue.
# Native memory allocation (mmap) failed to map 266338304 bytes for Failed to commit area from 0x0000000703800000 to 0x0000000713600000 of length 266338304.
# Possible reasons:
#   The system is out of physical RAM or swap space
#   The process is running with CompressedOops enabled, and the Java Heap may be blocking the growth of the native heap
# Possible solutions:
#   Reduce memory load on the system
#   Increase physical memory or swap space
#   Check if swap backing store is full
#   Decrease Java heap size (-Xmx/-Xms)
#   Decrease number of Java threads
#   Decrease Java thread stack sizes (-Xss)
#   Set larger code cache with -XX:ReservedCodeCacheSize=
# This output file may be truncated or incomplete.
#
#  Out of Memory Error (t:/workspace/open/src/hotspot/os/windows/os_windows.cpp:3269), pid=24584, tid=33036
#
# JRE version:  (11.0+28) (build )
# Java VM: OpenJDK 64-Bit Server VM (11+28, mixed mode, aot, sharing, tiered, compressed oops, g1 gc, windows-amd64)
# No core dump will be written. Minidumps are not enabled by default on client versions of Windows
#

---------------  S U M M A R Y ------------

Command Line: -Xverify:none -Dquarkus-internal.serialized-app-model.path=C:\Users\moi\git\repository55\Order\target\quarkus\bootstrap\dev-app-model.dat -javaagent:C:\Users\moi\.m2\repository\io\quarkus\quarkus-class-change-agent\2.10.1.Final\quarkus-class-change-agent-2.10.1.Final.jar -XX:TieredStopAtLevel=1 -Djava.util.logging.manager=org.jboss.logmanager.LogManager C:\Users\moi\git\repository55\Order\target\code-with-quarkus-dev.jar

Host: Intel(R) Core(TM) i7-4600M CPU @ 2.90GHz, 4 cores, 15G,  Windows 10 , 64 bit Build 19041 (10.0.19041.1706)
Time: Wed Jul  6 15:28:29 2022 Maroc (heure d’été) elapsed time: 0 seconds (0d 0h 0m 0s)

---------------  T H R E A D  ---------------

Current thread (0x00000208c07e9800):  JavaThread "Unknown thread" [_thread_in_vm, id=33036, stack(0x0000007dde300000,0x0000007dde400000)]

Stack: [0x0000007dde300000,0x0000007dde400000]
Native frames: (J=compiled Java code, j=interpreted, Vv=VM code, C=native code)
V  [jvm.dll+0x63adaa]
V  [jvm.dll+0x77852f]
V  [jvm.dll+0x779b18]
V  [jvm.dll+0x77a1d3]
V  [jvm.dll+0x2624c8]
V  [jvm.dll+0x63825a]
V  [jvm.dll+0x62cb15]
V  [jvm.dll+0x31563c]
V  [jvm.dll+0x3154c2]
V  [jvm.dll+0x31ad36]
V  [jvm.dll+0x36726f]
V  [jvm.dll+0x366c90]
V  [jvm.dll+0x2f2378]
V  [jvm.dll+0x2f34d6]
V  [jvm.dll+0x7517d7]
V  [jvm.dll+0x752f1f]
V  [jvm.dll+0x374099]
V  [jvm.dll+0x738059]
V  [jvm.dll+0x3e35fd]
V  [jvm.dll+0x3e5961]
C  [java.EXE+0x3603]
C  [java.EXE+0x1746c]
C  [KERNEL32.DLL+0x17034]
C  [ntdll.dll+0x52651]


---------------  P R O C E S S  ---------------

Threads class SMR info:
_java_thread_list=0x00000208bee83950, length=0, elements={
}

Java Threads: ( => current thread )

Other Threads:
  0x00000208c0801800 GCTaskThread "GC Thread#0" [stack: 0x0000007dde400000,0x0000007dde500000] [id=9252]
  0x00000208c085c000 ConcurrentGCThread "G1 Main Marker" [stack: 0x0000007dde500000,0x0000007dde600000] [id=34076]
  0x00000208c085d000 ConcurrentGCThread "G1 Conc#0" [stack: 0x0000007dde600000,0x0000007dde700000] [id=19980]

[error occurred during error reporting (printing all threads), id 0xc0000005, EXCEPTION_ACCESS_VIOLATION (0xc0000005) at pc=0x00007ff9fee30d37]

VM state:not at safepoint (not fully initialized)

VM Mutex/Monitor currently owned by a thread:  ([mutex/lock_event])
[0x00000208c07e8f80] Heap_lock - owner thread: 0x00000208c07e9800

Heap address: 0x0000000703800000, size: 4040 MB, Compressed Oops mode: Non-zero based: 0x0000000703800000
Narrow klass base: 0x0000000000000000, Narrow klass shift: 0

GC Heap History (0 events):
No events

Deoptimization events (0 events):
No events

Classes redefined (0 events):
No events

Internal exceptions (0 events):
No events

Events (0 events):
No events


Dynamic libraries:
0x00007ff70a100000 - 0x00007ff70a145000 	D:\java\jdk-11\bin\java.EXE
0x00007ffa8c8d0000 - 0x00007ffa8cac5000 	C:\WINDOWS\SYSTEM32\ntdll.dll
0x00007ffa8af80000 - 0x00007ffa8b03d000 	C:\WINDOWS\System32\KERNEL32.DLL
0x00007ffa89820000 - 0x00007ffa89aed000 	C:\WINDOWS\System32\KERNELBASE.dll
0x00007ffa8b8d0000 - 0x00007ffa8ba70000 	C:\WINDOWS\System32\USER32.dll
0x00007ffa89b80000 - 0x00007ffa89ba2000 	C:\WINDOWS\System32\win32u.dll
0x00007ffa8a6b0000 - 0x00007ffa8a6da000 	C:\WINDOWS\System32\GDI32.dll
0x00007ffa89d80000 - 0x00007ffa89e8b000 	C:\WINDOWS\System32\gdi32full.dll
0x00007ffa89ce0000 - 0x00007ffa89d7d000 	C:\WINDOWS\System32\msvcp_win.dll
0x00007ffa89720000 - 0x00007ffa89820000 	C:\WINDOWS\System32\ucrtbase.dll
0x00007ffa79380000 - 0x00007ffa7961a000 	C:\WINDOWS\WinSxS\amd64_microsoft.windows.common-controls_6595b64144ccf1df_6.0.19041.1110_none_60b5254171f9507e\COMCTL32.dll
0x00007ffa8c7c0000 - 0x00007ffa8c85e000 	C:\WINDOWS\System32\msvcrt.dll
0x00007ffa8bf90000 - 0x00007ffa8bfc0000 	C:\WINDOWS\System32\IMM32.DLL
0x00007ffa77cd0000 - 0x00007ffa77ce6000 	D:\java\jdk-11\bin\vcruntime140.dll
0x00007ffa40550000 - 0x00007ffa405fa000 	D:\java\jdk-11\bin\msvcp140.dll
0x00007ff9feb30000 - 0x00007ff9ff671000 	D:\java\jdk-11\bin\server\jvm.dll
0x00007ffa89f60000 - 0x00007ffa8a00e000 	C:\WINDOWS\System32\ADVAPI32.dll
0x00007ffa8a6e0000 - 0x00007ffa8a77c000 	C:\WINDOWS\System32\sechost.dll
0x00007ffa8c210000 - 0x00007ffa8c335000 	C:\WINDOWS\System32\RPCRT4.dll
0x00007ffa8b150000 - 0x00007ffa8b158000 	C:\WINDOWS\System32\PSAPI.DLL
0x00007ffa73670000 - 0x00007ffa73679000 	C:\WINDOWS\SYSTEM32\WSOCK32.dll
0x00007ffa8ba70000 - 0x00007ffa8badb000 	C:\WINDOWS\System32\WS2_32.dll
0x00007ffa7f400000 - 0x00007ffa7f40a000 	C:\WINDOWS\SYSTEM32\VERSION.dll
0x00007ffa7ceb0000 - 0x00007ffa7ced7000 	C:\WINDOWS\SYSTEM32\WINMM.dll
0x00007ffa87490000 - 0x00007ffa874a2000 	C:\WINDOWS\SYSTEM32\kernel.appcore.dll
0x00007ffa62b10000 - 0x00007ffa62b21000 	D:\java\jdk-11\bin\verify.dll
0x00007ffa726c0000 - 0x00007ffa728a4000 	C:\WINDOWS\SYSTEM32\DBGHELP.DLL
0x00007ffa72610000 - 0x00007ffa7263c000 	C:\WINDOWS\SYSTEM32\dbgcore.DLL
0x00007ffa89af0000 - 0x00007ffa89b72000 	C:\WINDOWS\System32\bcryptPrimitives.dll
0x00007ffa5af40000 - 0x00007ffa5af68000 	D:\java\jdk-11\bin\java.dll
0x00007ffa5b4f0000 - 0x00007ffa5b51f000 	D:\java\jdk-11\bin\instrument.dll
0x00007ffa5d440000 - 0x00007ffa5d456000 	D:\java\jdk-11\bin\zip.dll
0x00007ffa72640000 - 0x00007ffa7264a000 	D:\java\jdk-11\bin\jimage.dll

dbghelp: loaded successfully - version: 4.0.5 - missing functions: none
symbol engine: initialized successfully - sym options: 0x614 - pdb path: .;D:\java\jdk-11\bin;C:\WINDOWS\SYSTEM32;C:\WINDOWS\WinSxS\amd64_microsoft.windows.common-controls_6595b64144ccf1df_6.0.19041.1110_none_60b5254171f9507e;D:\java\jdk-11\bin\server

VM Arguments:
jvm_args: -Xverify:none -Dquarkus-internal.serialized-app-model.path=C:\Users\moi\git\repository55\Order\target\quarkus\bootstrap\dev-app-model.dat -javaagent:C:\Users\moi\.m2\repository\io\quarkus\quarkus-class-change-agent\2.10.1.Final\quarkus-class-change-agent-2.10.1.Final.jar -XX:TieredStopAtLevel=1 -Djava.util.logging.manager=org.jboss.logmanager.LogManager 
java_command: C:\Users\moi\git\repository55\Order\target\code-with-quarkus-dev.jar
java_class_path (initial): C:\Users\moi\git\repository55\Order\target\code-with-quarkus-dev.jar
Launcher Type: SUN_STANDARD

[Global flags]
     bool BytecodeVerificationLocal                = false                                     {product} {command line}
     bool BytecodeVerificationRemote               = false                                     {product} {command line}
     intx CICompilerCount                          = 3                                         {product} {ergonomic}
     uint ConcGCThreads                            = 1                                         {product} {ergonomic}
     uint G1ConcRefinementThreads                  = 4                                         {product} {ergonomic}
   size_t G1HeapRegionSize                         = 1048576                                   {product} {ergonomic}
    uintx GCDrainStackTargetSize                   = 64                                        {product} {ergonomic}
   size_t InitialHeapSize                          = 266338304                                 {product} {ergonomic}
   size_t MarkStackSize                            = 4194304                                   {product} {ergonomic}
   size_t MaxHeapSize                              = 4236247040                                {product} {ergonomic}
   size_t MinHeapDeltaBytes                        = 1048576                                   {product} {ergonomic}
    uintx NonNMethodCodeHeapSize                   = 6973028                                {pd product} {ergonomic}
    uintx NonProfiledCodeHeapSize                  = 244685212                              {pd product} {ergonomic}
    uintx ProfiledCodeHeapSize                     = 0                                      {pd product} {ergonomic}
    uintx ReservedCodeCacheSize                    = 251658240                              {pd product} {ergonomic}
     bool SegmentedCodeCache                       = true                                      {product} {ergonomic}
     intx TieredStopAtLevel                        = 1                                         {product} {command line}
     bool UseCompressedClassPointers               = true                                 {lp64_product} {ergonomic}
     bool UseCompressedOops                        = true                                 {lp64_product} {ergonomic}
     bool UseG1GC                                  = true                                      {product} {ergonomic}
     bool UseLargePagesIndividualAllocation        = false                                  {pd product} {ergonomic}

Logging:
Log output configuration:
 #0: stdout all=warning uptime,level,tags
 #1: stderr all=off uptime,level,tags

Environment Variables:
JAVA_HOME=D:\java\jdk-11.0.8
CLASSPATH=.;D:\JADE-all-4.5.0\jade\lib\jade.jar
PATH=D:/java/sts-4.8.0.RELEASE//plugins/org.eclipse.justj.openjdk.hotspot.jre.full.win32.x86_64_14.0.2.v20200815-0932/jre/bin/server;D:/java/sts-4.8.0.RELEASE//plugins/org.eclipse.justj.openjdk.hotspot.jre.full.win32.x86_64_14.0.2.v20200815-0932/jre/bin;D:\java\jdk-11.0.8\bin;C:\Program Files (x86)\Common Files\Oracle\Java\javapath;C:\java8\bin;C:\ProgramData\Oracle\Java\javapath;C:\WINDOWS\system32;C:\WINDOWS;C:\WINDOWS\System32\Wbem;C:\WINDOWS\System32\WindowsPowerShell\v1.0\;D:\hadoop2.6\bin;D:\hadoop2.6\sbin;D:\hadoop2.6\share\hadoop\common\*;D:\hadoop2.6\share\hadoop\hdfs;D:\hadoop2.6\share\hadoop\hdfs\lib\*;D:\hadoop2.6\share\hadoop\hdfs\*;D:\hadoop2.6\share\hadoop\yarn\lib\*;D:\hadoop2.6\share\hadoop\yarn\*;D:\hadoop2.6\share\hadoop\mapreduce\lib\*;D:\hadoop2.6\share\hadoop\mapreduce\*;D:\hadoop2.6\share\hadoop\common\lib\*;C:\Program Files\Anaconda3\Lib;C:\Program Files (x86)\scala\bin;D:\scala\spark-2.4.5-bin-hadoop2.6\bin;C:\wamp64\bin\php\php8.1.4;C:\composer;D:\java\kafka_tuto\confluent-7.1.1\bin;D:\ELK\zookeeper\bin;D:\ELK\confluent-windows-5.3.1-master\bin;C:\Program Files\nodejs\;C:\Program Files\Microsoft SQL Server\130\Tools\Binn\;C:\Program Files\Microsoft SQL Server\Client SDK\ODBC\170\Tools\Binn\;C:\Program Files (x86)\Microsoft SQL Server\150\DTS\Binn\;C:\Program Files\Azure Data Studio\bin;C:\Program Files\Microsoft SQL Server\Client SDK\ODBC\110\Tools\Binn\;C:\Program Files (x86)\Microsoft SQL Server\120\Tools\Binn\;C:\Program Files\Microsoft SQL Server\120\Tools\Binn\;C:\Program Files\Microsoft SQL Server\120\DTS\Binn\;C:\Program Files\dotnet\;C:\Program Files\erl-23.1.5\bin;C:\WINDOWS\System32\OpenSSH\;D:\Oracle\kubernetes\minikube;C:\Program Files\Microsoft SQL Server\150\Tools\Binn\;C:\Program Files (x86)\dotnet\;C:\ProgramData\Anaconda3;C:\Program Files\Cloud Foundry;C:\Program Files\Docker\Docker\resources\bin;C:\ProgramData\DockerDesktop\version-bin;C:\Users\moi\scoop\shims;C:\Program Files\MySQL\MySQL Shell 8.0\bin\;C:\Users\moi\AppData\R
USERNAME=moi
OS=Windows_NT
PROCESSOR_IDENTIFIER=Intel64 Family 6 Model 60 Stepping 3, GenuineIntel



---------------  S Y S T E M  ---------------

OS: Windows 10 , 64 bit Build 19041 (10.0.19041.1706)

CPU:total 4 (initial active 4) (2 cores per cpu, 2 threads per core) family 6 model 60 stepping 3, cmov, cx8, fxsr, mmx, sse, sse2, sse3, ssse3, sse4.1, sse4.2, popcnt, avx, avx2, aes, clmul, erms, lzcnt, ht, tsc, tscinvbit, bmi1, bmi2, fma

Memory: 4k page, system-wide physical 16155M (624M free)
TotalPageFile size 42097M (AvailPageFile size 257M)
current process WorkingSet (physical memory assigned to process): 10M, peak: 10M
current process commit charge ("private bytes"): 49M, peak: 303M

vm_info: OpenJDK 64-Bit Server VM (11+28) for windows-amd64 JRE (11+28), built on Aug 23 2018 03:04:58 by "mach5one" with MS VC++ 15.5 (VS2017)

END.
